<?xml version="1.0" encoding="UTF-8"?>
<!-- Generated by org.testng.reporters.JUnitReportReporter -->
<testsuite hostname="ATMECSINLT-601" failures="0" tests="1" name="com.atmecs.hibernate_one_to_one.crud_op.AddRecord" time="26.904" errors="0" timestamp="2020-10-28T12:12:59 IST" skipped="0">
  <testcase classname="com.atmecs.hibernate_one_to_one.crud_op.AddRecord" name="addRecord" time="26.904"/>
  <system-out/>
</testsuite> <!-- com.atmecs.hibernate_one_to_one.crud_op.AddRecord -->
