<?xml version="1.0" encoding="UTF-8"?>
<!-- Generated by org.testng.reporters.JUnitReportReporter -->
<testsuite hostname="ATMECSINLT-601" failures="0" tests="1" name="com.atmecs.hibernate_one_to_many.empl.Add" time="14.692" errors="0" timestamp="2020-10-28T12:03:55 IST" skipped="0">
  <testcase classname="com.atmecs.hibernate_one_to_many.empl.Add" name="addRecord" time="14.692"/>
  <system-out/>
</testsuite> <!-- com.atmecs.hibernate_one_to_many.empl.Add -->
