<?xml version="1.0" encoding="UTF-8"?>
<!-- Generated by org.testng.reporters.JUnitReportReporter -->
<testsuite hostname="ATMECSINLT-601" failures="0" tests="1" name="com.atmecs.hibernate_one_to_one.crud_operations.UpdateRecord" time="13.685" errors="0" timestamp="2020-10-28T16:00:31 IST" skipped="0">
  <testcase classname="com.atmecs.hibernate_one_to_one.crud_operations.UpdateRecord" name="updateRecord" time="13.685"/>
  <system-out/>
</testsuite> <!-- com.atmecs.hibernate_one_to_one.crud_operations.UpdateRecord -->
