<?xml version="1.0" encoding="UTF-8"?>
<!-- Generated by org.testng.reporters.JUnitReportReporter -->
<testsuite hostname="ATMECSINLT-601" failures="0" tests="1" name="com.atmecs.hibernate_one_to_one.crud_op.DisplayRecord" time="5.267" errors="0" timestamp="2020-10-28T12:47:16 IST" skipped="0">
  <testcase classname="com.atmecs.hibernate_one_to_one.crud_op.DisplayRecord" name="displayRecord" time="5.267"/>
  <system-out/>
</testsuite> <!-- com.atmecs.hibernate_one_to_one.crud_op.DisplayRecord -->
