<?xml version="1.0" encoding="UTF-8"?>
<!-- Generated by org.testng.reporters.JUnitReportReporter -->
<testsuite hostname="ATMECSINLT-601" failures="0" tests="1" name="com.atmecs.hibernate_one_to_one.crud_op.DeleteRecord" time="5.154" errors="0" timestamp="2020-10-28T12:32:05 IST" skipped="0">
  <testcase classname="com.atmecs.hibernate_one_to_one.crud_op.DeleteRecord" name="deleteRecord" time="5.154"/>
  <system-out/>
</testsuite> <!-- com.atmecs.hibernate_one_to_one.crud_op.DeleteRecord -->
