<?xml version="1.0" encoding="UTF-8"?>
<!-- Generated by org.testng.reporters.JUnitReportReporter -->
<testsuite hostname="ATMECSINLT-601" failures="0" tests="1" name="com.atmecs.hibernate_one_to_many.cascade_op.DeteleRecord" time="2.318" errors="0" timestamp="2020-10-24T16:14:09 IST" skipped="0">
  <testcase classname="com.atmecs.hibernate_one_to_many.cascade_op.DeteleRecord" name="daleteRecord" time="2.318"/>
  <system-out/>
</testsuite> <!-- com.atmecs.hibernate_one_to_many.cascade_op.DeteleRecord -->
